0 verbose cli C:\Program Files\nodejs\node.exe C:\Program Files\nodejs\node_modules\npm\bin\npm-cli.js
1 info using npm@11.9.0
2 info using node@v24.14.0
3 silly config load:file:C:\Program Files\nodejs\node_modules\npm\npmrc
4 silly config load:file:D:\app_github\pc_unlock\PC_Bios_Unlock\.npmrc
5 silly config load:file:C:\Users\noh.yeongho\.npmrc
6 silly config load:file:C:\Users\noh.yeongho\AppData\Roaming\npm\etc\npmrc
7 verbose title npm install assemblyscript
8 verbose argv "install" "assemblyscript" "--no-save"
9 verbose logfile logs-max:10 dir:D:\app_github\pc_unlock\PC_Bios_Unlock\.npm-tmp\_logs\2026-04-23T02_42_57_305Z-
10 verbose logfile D:\app_github\pc_unlock\PC_Bios_Unlock\.npm-tmp\_logs\2026-04-23T02_42_57_305Z-debug-0.log
11 silly logfile done cleaning log files
12 silly packumentCache heap:4496293888 maxSize:1124073472 maxEntrySize:562036736
13 silly idealTree buildDeps
14 silly fetch manifest assemblyscript@*
15 silly packumentCache full:https://registry.npmjs.org/assemblyscript cache-miss
16 http fetch GET 200 https://registry.npmjs.org/npm 224ms
17 http fetch GET 200 https://registry.npmjs.org/assemblyscript 420ms (cache miss)
18 silly packumentCache full:https://registry.npmjs.org/assemblyscript set size:undefined disposed:false
19 silly placeDep ROOT assemblyscript@0.28.14 OK for:  want: *
20 silly fetch manifest binaryen@123.0.0-nightly.20250530
21 silly packumentCache full:https://registry.npmjs.org/binaryen cache-miss
22 silly fetch manifest long@^5.2.4
23 silly packumentCache full:https://registry.npmjs.org/long cache-miss
24 http fetch GET 200 https://registry.npmjs.org/long 117ms (cache miss)
25 silly packumentCache full:https://registry.npmjs.org/long set size:undefined disposed:false
26 http fetch GET 200 https://registry.npmjs.org/binaryen 531ms (cache miss)
27 silly packumentCache full:https://registry.npmjs.org/binaryen set size:undefined disposed:false
28 silly placeDep ROOT binaryen@123.0.0-nightly.20250530 OK for: assemblyscript@0.28.14 want: 123.0.0-nightly.20250530
29 silly placeDep ROOT long@5.3.2 OK for: assemblyscript@0.28.14 want: ^5.2.4
30 silly reify moves {}
31 http cache assemblyscript@https://registry.npmjs.org/assemblyscript/-/assemblyscript-0.28.14.tgz 0ms (cache hit)
32 http cache long@https://registry.npmjs.org/long/-/long-5.3.2.tgz 0ms (cache hit)
33 http cache binaryen@https://registry.npmjs.org/binaryen/-/binaryen-123.0.0-nightly.20250530.tgz 0ms (cache hit)
34 silly tarball no local data for assemblyscript@https://registry.npmjs.org/assemblyscript/-/assemblyscript-0.28.14.tgz. Extracting by manifest.
35 silly tarball no local data for long@https://registry.npmjs.org/long/-/long-5.3.2.tgz. Extracting by manifest.
36 silly tarball no local data for binaryen@https://registry.npmjs.org/binaryen/-/binaryen-123.0.0-nightly.20250530.tgz. Extracting by manifest.
37 http fetch GET 200 https://registry.npmjs.org/long/-/long-5.3.2.tgz 293ms (cache miss)
38 http fetch GET 200 https://registry.npmjs.org/assemblyscript/-/assemblyscript-0.28.14.tgz 3473ms (cache miss)
39 http fetch GET 200 https://registry.npmjs.org/binaryen/-/binaryen-123.0.0-nightly.20250530.tgz 7519ms (cache miss)
40 silly ADD node_modules/long
41 silly ADD node_modules/binaryen
42 silly ADD node_modules/assemblyscript
43 verbose cwd D:\app_github\pc_unlock\PC_Bios_Unlock
44 verbose os Windows_NT 10.0.22631
45 verbose node v24.14.0
46 verbose npm  v11.9.0
47 notice
47 notice New [33mminor[39m version of npm available! [33m11.9.0[39m -> [34m11.13.0[39m
47 notice Changelog: [34mhttps://github.com/npm/cli/releases/tag/v11.13.0[39m
47 notice To update run: [4mnpm install -g npm@11.13.0[24m
47 notice  { force: true, Symbol(proc-log.meta): true }
48 verbose exit 0
49 info ok
